time="2021-06-15T15:20:47+07:00" level=error msg="Crawl PageRunCron - Running"
time="2021-06-15T15:20:48+07:00" level=error msg="CronServiceCrawl Storyhttps://novelfull.com/uploads/thumbs/against-the-gods-f4e50e3f24-2239c49aee6b961904acf173b7e4602a.jpg"
time="2021-06-15T15:20:56+07:00" level=error msg="Crawl PageRunCron - Running"
time="2021-06-15T15:20:56+07:00" level=error msg="CronServiceCrawl Storyhttps://novelfull.com/uploads/thumbs/against-the-gods-f4e50e3f24-2239c49aee6b961904acf173b7e4602a.jpg"
time="2021-06-15T15:23:36+07:00" level=error msg="Crawl PageRunCron - Running"
time="2021-06-15T15:23:38+07:00" level=error msg="CronServiceCrawl Storyhttps://novelfull.com/uploads/thumbs/against-the-gods-f4e50e3f24-2239c49aee6b961904acf173b7e4602a.jpg"
time="2021-06-15T15:24:06+07:00" level=error msg="Crawl PageRunCron - Running"
time="2021-06-15T15:24:08+07:00" level=error msg="CronServiceCrawl Storyhttps://novelfull.com/uploads/thumbs/against-the-gods-f4e50e3f24-2239c49aee6b961904acf173b7e4602a.jpg"
time="2021-06-15T15:24:22+07:00" level=error msg="Crawl PageRunCron - Running"
time="2021-06-15T15:24:23+07:00" level=error msg="CronServiceCrawl Storyhttps://novelfull.com/uploads/thumbs/against-the-gods-f4e50e3f24-2239c49aee6b961904acf173b7e4602a.jpg"
time="2021-06-15T15:25:54+07:00" level=error msg="Crawl PageRunCron - Running"
time="2021-06-15T15:25:55+07:00" level=error msg="CronServiceCrawl Storyhttps://novelfull.com/uploads/thumbs/against-the-gods-f4e50e3f24-2239c49aee6b961904acf173b7e4602a.jpg"
time="2021-06-15T15:26:05+07:00" level=error msg="Crawl PageRunCron - Running"
time="2021-06-15T15:26:06+07:00" level=error msg="CronServiceCrawl Storyhttps://novelfull.com/uploads/thumbs/against-the-gods-f4e50e3f24-2239c49aee6b961904acf173b7e4602a.jpg"
time="2021-06-15T15:28:06+07:00" level=error msg="Crawl PageRunCron - Running"
time="2021-06-15T15:28:07+07:00" level=error msg="CronServiceCrawl Storyhttps://novelfull.com/uploads/thumbs/against-the-gods-f4e50e3f24-2239c49aee6b961904acf173b7e4602a.jpg"
time="2021-06-15T15:28:58+07:00" level=error msg="Crawl PageRunCron - Running"
time="2021-06-15T15:29:00+07:00" level=error msg="CronServiceCrawl Storyhttps://novelfull.com/uploads/thumbs/against-the-gods-f4e50e3f24-2239c49aee6b961904acf173b7e4602a.jpg"
time="2021-06-15T15:30:04+07:00" level=error msg="Crawl PageRunCron - Running"
time="2021-06-15T15:30:07+07:00" level=error msg="CronServiceCrawl Storyhttps://novelfull.com/uploads/thumbs/against-the-gods-f4e50e3f24-2239c49aee6b961904acf173b7e4602a.jpg"
time="2021-06-15T15:31:04+07:00" level=error msg="Crawl PageRunCron - Running"
time="2021-06-15T15:31:07+07:00" level=error msg="CronServiceCrawl Storyhttps://novelfull.com/uploads/thumbs/against-the-gods-f4e50e3f24-2239c49aee6b961904acf173b7e4602a.jpg"
time="2021-06-15T15:35:03+07:00" level=error msg="Crawl PageRunCron - Running"
time="2021-06-15T15:35:05+07:00" level=error msg="CronServiceCrawl Storyhttps://novelfull.com/uploads/thumbs/against-the-gods-f4e50e3f24-2239c49aee6b961904acf173b7e4602a.jpg"
time="2021-06-15T15:35:35+07:00" level=error msg="Crawl PageRunCron - Running"
time="2021-06-15T15:35:37+07:00" level=error msg="CronServiceCrawl Storyhttps://novelfull.com/uploads/thumbs/against-the-gods-f4e50e3f24-2239c49aee6b961904acf173b7e4602a.jpg"
time="2021-06-15T15:35:53+07:00" level=error msg="Crawl PageRunCron - Running"
time="2021-06-15T15:35:55+07:00" level=error msg="CronServiceCrawl Storyhttps://novelfull.com/uploads/thumbs/against-the-gods-f4e50e3f24-2239c49aee6b961904acf173b7e4602a.jpg"
time="2021-06-15T15:36:29+07:00" level=error msg="Crawl PageRunCron - Running"
time="2021-06-15T15:36:30+07:00" level=error msg="CronServiceCrawl Storyhttps://novelfull.com/uploads/thumbs/against-the-gods-f4e50e3f24-2239c49aee6b961904acf173b7e4602a.jpg"
time="2021-06-15T15:36:58+07:00" level=error msg="Crawl PageRunCron - Running"
time="2021-06-15T15:36:59+07:00" level=error msg="CronServiceCrawl Storyhttps://novelfull.com/uploads/thumbs/against-the-gods-f4e50e3f24-2239c49aee6b961904acf173b7e4602a.jpg"
time="2021-06-15T15:37:30+07:00" level=error msg="Crawl PageRunCron - Running"
time="2021-06-15T15:37:32+07:00" level=error msg="CronServiceCrawl Storyhttps://novelfull.com/uploads/thumbs/against-the-gods-f4e50e3f24-2239c49aee6b961904acf173b7e4602a.jpg"
time="2021-06-15T15:37:34+07:00" level=error msg="Novel Repository  - CreateNovel => error : Error 1054: Unknown column 'url' in 'field list'"
time="2021-06-15T15:37:46+07:00" level=error msg="Crawl PageRunCron - Running"
time="2021-06-15T15:37:48+07:00" level=error msg="CronServiceCrawl Storyhttps://novelfull.com/uploads/thumbs/against-the-gods-f4e50e3f24-2239c49aee6b961904acf173b7e4602a.jpg"
time="2021-06-15T15:38:37+07:00" level=error msg="Crawl PageRunCron - Running"
time="2021-06-15T15:38:38+07:00" level=error msg="CronServiceCrawl Storyhttps://novelfull.com/uploads/thumbs/against-the-gods-f4e50e3f24-2239c49aee6b961904acf173b7e4602a.jpg"
time="2021-06-15T15:39:27+07:00" level=error msg="Crawl PageRunCron - Running"
time="2021-06-15T15:39:29+07:00" level=error msg="CronServiceCrawl Storyhttps://novelfull.com/uploads/thumbs/against-the-gods-f4e50e3f24-2239c49aee6b961904acf173b7e4602a.jpg"
time="2021-06-15T15:41:20+07:00" level=error msg="Crawl PageRunCron - Running"
time="2021-06-15T15:41:20+07:00" level=error msg="CronServiceCrawl Storyhttps://novelfull.com/uploads/thumbs/against-the-gods-f4e50e3f24-2239c49aee6b961904acf173b7e4602a.jpg"
time="2021-06-15T15:55:06+07:00" level=error msg="Crawl PageRunCron - Running"
time="2021-06-15T15:56:20+07:00" level=error msg="Crawl PageRunCron - Running"
time="2021-06-15T15:56:33+07:00" level=error msg="Crawl PageRunCron - Running"
time="2021-06-15T15:56:34+07:00" level=error msg="CronServiceCrawl Storyhttps://novelfull.com/uploads/thumbs/against-the-gods-f4e50e3f24-2239c49aee6b961904acf173b7e4602a.jpg"
time="2021-06-15T19:13:31+07:00" level=error msg="Connect MySQL failed!dial tcp [::1]:3306: connectex: No connection could be made because the target machine actively refused it."
time="2021-06-15T19:13:33+07:00" level=error msg="Connect database mysql fail :dial tcp [::1]:3306: connectex: No connection could be made because the target machine actively refused it."
time="2021-06-15T19:13:36+07:00" level=error msg="Connect MySQL failed!dial tcp [::1]:3306: connectex: No connection could be made because the target machine actively refused it."
time="2021-06-15T19:13:38+07:00" level=error msg="Connect database mysql fail :dial tcp [::1]:3306: connectex: No connection could be made because the target machine actively refused it."
time="2021-06-15T19:13:38+07:00" level=error msg="Crawl PageRunCron - Running"
time="2021-06-15T19:13:40+07:00" level=error msg="NovelQueueRepository  - GetAllUrlInQueue => error : dial tcp [::1]:3306: connectex: No connection could be made because the target machine actively refused it."
time="2021-06-15T19:14:01+07:00" level=error msg="CronService RunCrondial tcp [::1]:3306: connectex: No connection could be made because the target machine actively refused it."
time="2021-06-15T19:14:38+07:00" level=error msg="Crawl PageRunCron - Running"
time="2021-06-15T19:14:39+07:00" level=error msg="CronServiceCrawl Storyhttps://novelfull.com/uploads/thumbs/against-the-gods-f4e50e3f24-2239c49aee6b961904acf173b7e4602a.jpg"
time="2021-06-15T19:15:10+07:00" level=error msg="CronService CrawlStoryexisted"
time="2021-06-15T19:15:15+07:00" level=error msg="Crawl PageRunCron - Running"
time="2021-06-15T19:15:39+07:00" level=error msg="CronServiceCrawl Storyhttps://novelfull.com/uploads/thumbs/against-the-gods-f4e50e3f24-2239c49aee6b961904acf173b7e4602a.jpg"
time="2021-06-15T19:16:40+07:00" level=error msg="Crawl PageRunCron - Running"
time="2021-06-15T19:16:45+07:00" level=error msg="CronServiceCrawl Storyhttps://novelfull.com/uploads/thumbs/against-the-gods-f4e50e3f24-2239c49aee6b961904acf173b7e4602a.jpg"
time="2021-06-15T19:17:12+07:00" level=error msg="Crawl PageRunCron - Running"
time="2021-06-15T19:17:13+07:00" level=error msg="CronServiceCrawl Storyhttps://novelfull.com/uploads/thumbs/against-the-gods-f4e50e3f24-2239c49aee6b961904acf173b7e4602a.jpg"
time="2021-06-15T19:20:43+07:00" level=error msg="Crawl PageRunCron - Running"
time="2021-06-15T19:21:12+07:00" level=error msg="Crawl PageRunCron - Running"
time="2021-06-15T19:21:51+07:00" level=error msg="Crawl PageRunCron - Running"
time="2021-06-15T19:28:23+07:00" level=error msg="Crawl PageRunCron - Running"
time="2021-06-15T19:29:25+07:00" level=error msg="Crawl PageRunCron - Running"
time="2021-06-15T19:29:59+07:00" level=error msg="Crawl PageRunCron - Running"
time="2021-06-15T19:30:44+07:00" level=error msg="Crawl PageRunCron - Running"
time="2021-06-15T19:31:47+07:00" level=error msg="Crawl PageRunCron - Running"
time="2021-06-15T19:31:57+07:00" level=error msg="Crawl PageRunCron - Running"
time="2021-06-15T19:32:40+07:00" level=error msg="Crawl PageRunCron - Running"
time="2021-06-15T19:35:00+07:00" level=error msg="Crawl PageRunCron - Running"
time="2021-06-15T19:35:32+07:00" level=error msg="Crawl PageRunCron - Running"
time="2021-06-15T19:38:07+07:00" level=error msg="Crawl PageRunCron - Running"
time="2021-06-15T19:39:33+07:00" level=error msg="Crawl PageRunCron - Running"
time="2021-06-15T19:41:35+07:00" level=error msg="Crawl PageRunCron - Running"
time="2021-06-15T19:41:47+07:00" level=error msg="Crawl PageRunCron - Running"
time="2021-06-15T19:54:43+07:00" level=error msg="Crawl PageRunCron - Running"
time="2021-06-15T20:00:10+07:00" level=error msg="Crawl PageRunCron - Running"
time="2021-06-15T20:00:58+07:00" level=error msg="Crawl PageRunCron - Running"
time="2021-06-15T20:02:02+07:00" level=error msg="Crawl PageRunCron - Running"
time="2021-06-15T20:05:59+07:00" level=error msg="Crawl PageRunCron - Running"
time="2021-06-15T20:06:51+07:00" level=error msg="Crawl PageRunCron - Running"
